<?xml version="1.0" encoding="UTF-8"?>
<testng-results ignored="0" total="1" passed="1" failed="0" skipped="0">
  <reporter-output>
  </reporter-output>
  <suite started-at="2025-02-25T18:23:40 IST" name="LoginSuite" finished-at="2025-02-25T18:23:46 IST" duration-ms="6118">
    <groups>
    </groups>
    <test started-at="2025-02-25T18:23:40 IST" name="LoginTest" finished-at="2025-02-25T18:23:46 IST" duration-ms="6118">
      <class name="tests.LoginTest">
        <test-method is-config="true" signature="setUp()[pri:0, instance:tests.LoginTest@5c33f1a9]" started-at="2025-02-25T18:23:40 IST" name="setUp" finished-at="2025-02-25T18:23:45 IST" duration-ms="4958" status="PASS">
          <reporter-output>
          </reporter-output>
        </test-method> <!-- setUp -->
        <test-method signature="testValidLogin()[pri:0, instance:tests.LoginTest@5c33f1a9]" started-at="2025-02-25T18:23:45 IST" name="testValidLogin" finished-at="2025-02-25T18:23:46 IST" duration-ms="756" status="PASS">
          <reporter-output>
          </reporter-output>
        </test-method> <!-- testValidLogin -->
        <test-method is-config="true" signature="tearDown()[pri:0, instance:tests.LoginTest@5c33f1a9]" started-at="2025-02-25T18:23:46 IST" name="tearDown" finished-at="2025-02-25T18:23:46 IST" duration-ms="363" status="PASS">
          <reporter-output>
          </reporter-output>
        </test-method> <!-- tearDown -->
      </class> <!-- tests.LoginTest -->
    </test> <!-- LoginTest -->
  </suite> <!-- LoginSuite -->
</testng-results>
